<?xml version="1.0" encoding="UTF-8"?>
<!-- Generated by org.testng.reporters.JUnitReportReporter -->
<testsuite hostname="DESKTOP-609SVUM" name="Academy.E2E.HomePage" tests="1" failures="0" timestamp="5 Jul 2020 16:12:56 GMT" time="70.487" errors="0">
  <testcase name="BasePageNavigation" time="70.487" classname="Academy.E2E.HomePage"/>
</testsuite> <!-- Academy.E2E.HomePage -->
